<?xml version="1.0" encoding="UTF-8"?>
<!-- Generated by org.testng.reporters.JUnitXMLReporter -->
<testsuite hostname="DESKTOP-GJ9GTVO" name="Default test" tests="4" failures="0" timestamp="15 Oct 2018 00:09:33 GMT" time="29.526" errors="0">
  <testcase name="@AfterTest tearDown" time="0.0" classname="Lsitner_LC.WebTest">
    <failure type="java.lang.AssertionError" message="Cannot provide the input please stick to the UI constraints6.
">
      <![CDATA[java.lang.AssertionError: Cannot provide the input please stick to the UI constraints6.

	at org.testng.AssertJUnit.fail(AssertJUnit.java:59)
	at Lsitner_LC.WebTest.tearDown(WebTest.java:363)
	at sun.reflect.NativeMethodAccessorImpl.invoke0(Native Method)
	at sun.reflect.NativeMethodAccessorImpl.invoke(Unknown Source)
	at sun.reflect.DelegatingMethodAccessorImpl.invoke(Unknown Source)
	at java.lang.reflect.Method.invoke(Unknown Source)
	at org.testng.internal.MethodInvocationHelper.invokeMethod(MethodInvocationHelper.java:84)
	at org.testng.internal.Invoker.invokeConfigurationMethod(Invoker.java:564)
	at org.testng.internal.Invoker.invokeConfigurations(Invoker.java:213)
	at org.testng.internal.Invoker.invokeConfigurations(Invoker.java:138)
	at org.testng.TestRunner.afterRun(TestRunner.java:1014)
	at org.testng.TestRunner.run(TestRunner.java:621)
	at org.testng.SuiteRunner.runTest(SuiteRunner.java:334)
	at org.testng.SuiteRunner.runSequentially(SuiteRunner.java:329)
	at org.testng.SuiteRunner.privateRun(SuiteRunner.java:291)
	at org.testng.SuiteRunner.run(SuiteRunner.java:240)
	at org.testng.SuiteRunnerWorker.runSuite(SuiteRunnerWorker.java:52)
	at org.testng.SuiteRunnerWorker.run(SuiteRunnerWorker.java:86)
	at org.testng.TestNG.runSuitesSequentially(TestNG.java:1224)
	at org.testng.TestNG.runSuitesLocally(TestNG.java:1149)
	at org.testng.TestNG.run(TestNG.java:1057)
	at org.testng.remote.AbstractRemoteTestNG.run(AbstractRemoteTestNG.java:114)
	at org.testng.remote.RemoteTestNG.initAndRun(RemoteTestNG.java:251)
	at org.testng.remote.RemoteTestNG.main(RemoteTestNG.java:77)
]]>
    </failure>
  </testcase> <!-- @AfterTest tearDown -->
  <testcase name="TestWeb" time="2.262" classname="Lsitner_LC.WebTest"/>
  <testcase name="addAddressBook" time="6.062" classname="Lsitner_LC.WebTest"/>
  <testcase name="updateAddressBook" time="0.982" classname="Lsitner_LC.WebTest"/>
  <testcase name="deleteAddressBook" time="6.857" classname="Lsitner_LC.WebTest"/>
</testsuite> <!-- Default test -->
